<?xml version="1.0" encoding="UTF-8"?>
<!-- Generated by org.testng.reporters.JUnitReportReporter -->
<testsuite hostname="LAPTOP-C09100BS" failures="0" tests="1" name="com.Sai.TestCases.TC_03SaiOrgHeaderVerTest" time="20.561" errors="0" timestamp="2022-08-02T18:26:39 IST" skipped="0">
  <testcase classname="com.Sai.TestCases.TC_03SaiOrgHeaderVerTest" name="saiOrgHeaderVerTest" time="20.561"/>
  <system-out/>
</testsuite> <!-- com.Sai.TestCases.TC_03SaiOrgHeaderVerTest -->
