<?xml version="1.0" encoding="UTF-8"?>
<!-- Generated by org.testng.reporters.JUnitReportReporter -->
<testsuite hostname="LAPTOP-C09100BS" failures="0" tests="1" name="com.Sai.TestCases.SaiCampHeaderVerTC" time="14.795" errors="0" timestamp="2022-07-23T16:24:28 IST" skipped="0">
  <testcase classname="com.Sai.TestCases.SaiCampHeaderVerTC" name="saiCampHeaderVerTc" time="14.795"/>
  <system-out/>
</testsuite> <!-- com.Sai.TestCases.SaiCampHeaderVerTC -->
