<?xml version="1.0" encoding="UTF-8"?>
<!-- Generated by org.testng.reporters.JUnitReportReporter -->
<testsuite hostname="LAPTOP-C09100BS" failures="0" tests="1" name="com.Sai.TestCases.TC_01SaiConTest" time="30.350" errors="0" timestamp="2022-07-27T18:57:26 IST" skipped="0">
  <testcase classname="com.Sai.TestCases.TC_01SaiConTest" name="saiConTest" time="30.350"/>
  <system-out/>
</testsuite> <!-- com.Sai.TestCases.TC_01SaiConTest -->
