<?xml version="1.0" encoding="UTF-8"?>
<!-- Generated by org.testng.reporters.JUnitReportReporter -->
<testsuite hostname="LAPTOP-C09100BS" failures="0" tests="1" name="com.Sai.TestCases.TC_02SaiCamDelTest" time="16.581" errors="0" timestamp="2022-07-25T11:17:06 IST" skipped="0">
  <testcase classname="com.Sai.TestCases.TC_02SaiCamDelTest" name="saiConDelTest" time="16.581"/>
  <system-out/>
</testsuite> <!-- com.Sai.TestCases.TC_02SaiCamDelTest -->
