<?xml version="1.0" encoding="UTF-8"?>
<!-- Generated by org.testng.reporters.JUnitReportReporter -->
<testsuite hostname="LAPTOP-C09100BS" failures="0" tests="1" name="com.Sai.TestCases.TC_02SaiCamDelTest" time="27.663" errors="0" timestamp="2022-07-27T19:40:25 IST" skipped="0">
  <testcase classname="com.Sai.TestCases.TC_02SaiCamDelTest" name="saiConDelTest" time="27.663"/>
  <system-out/>
</testsuite> <!-- com.Sai.TestCases.TC_02SaiCamDelTest -->
