<?xml version="1.0" encoding="UTF-8"?>
<!-- Generated by org.testng.reporters.JUnitReportReporter -->
<testsuite hostname="LAPTOP-C09100BS" failures="0" tests="1" name="com.Sai.TestCases.TC_05SaiCampHeaderVerTest" time="18.040" errors="0" timestamp="2022-08-02T15:51:01 IST" skipped="0">
  <testcase classname="com.Sai.TestCases.TC_05SaiCampHeaderVerTest" name="saiCampHeaderVerTest" time="18.040"/>
  <system-out/>
</testsuite> <!-- com.Sai.TestCases.TC_05SaiCampHeaderVerTest -->
