<?xml version="1.0" encoding="UTF-8"?>
<!-- Generated by org.testng.reporters.JUnitReportReporter -->
<testsuite hostname="LAPTOP-C09100BS" failures="0" tests="1" name="com.Sai.TestCases.SaiOrgDelTc" time="24.644" errors="0" timestamp="2022-07-23T12:13:41 IST" skipped="0">
  <testcase classname="com.Sai.TestCases.SaiOrgDelTc" name="createOrgTest" time="24.644"/>
  <system-out/>
</testsuite> <!-- com.Sai.TestCases.SaiOrgDelTc -->
