<?xml version="1.0" encoding="UTF-8"?>
<!-- Generated by org.testng.reporters.JUnitReportReporter -->
<testsuite hostname="LAPTOP-C09100BS" failures="0" tests="1" name="com.Sai.TestCases.SaiConTC" time="53.853" errors="0" timestamp="2022-07-23T11:56:07 IST" skipped="0">
  <testcase classname="com.Sai.TestCases.SaiConTC" name="saiConTC" time="53.853"/>
  <system-out/>
</testsuite> <!-- com.Sai.TestCases.SaiConTC -->
