<?xml version="1.0" encoding="UTF-8"?>
<!-- Generated by org.testng.reporters.JUnitReportReporter -->
<testsuite hostname="LAPTOP-C09100BS" failures="0" tests="1" name="com.Sai.TestCases.TC_01SaiConTest" time="34.878" errors="0" timestamp="2022-08-02T17:43:53 IST" skipped="0">
  <testcase classname="com.Sai.TestCases.TC_01SaiConTest" name="saiConTest" time="34.878"/>
  <system-out/>
</testsuite> <!-- com.Sai.TestCases.TC_01SaiConTest -->
