<?xml version="1.0" encoding="UTF-8"?>
<!-- Generated by org.testng.reporters.JUnitReportReporter -->
<testsuite hostname="LAPTOP-C09100BS" failures="0" tests="1" name="com.Sai.TestCases.TC_01SaiConTest" time="18.382" errors="0" timestamp="2022-07-25T11:17:06 IST" skipped="0">
  <testcase classname="com.Sai.TestCases.TC_01SaiConTest" name="saiConTest" time="18.382"/>
  <system-out/>
</testsuite> <!-- com.Sai.TestCases.TC_01SaiConTest -->
