<?xml version="1.0" encoding="UTF-8"?>
<!-- Generated by org.testng.reporters.JUnitReportReporter -->
<testsuite hostname="LAPTOP-C09100BS" failures="0" tests="1" name="com.Sai.TestCases.TC_02SaiCamDelTest" time="32.870" errors="0" timestamp="2022-08-02T18:13:23 IST" skipped="0">
  <testcase classname="com.Sai.TestCases.TC_02SaiCamDelTest" name="saiConDelTest" time="32.870"/>
  <system-out/>
</testsuite> <!-- com.Sai.TestCases.TC_02SaiCamDelTest -->
